2024-12-24 16:34:41,271 - INFO - Connecting to MEGA...
2024-12-24 16:34:41,271 - INFO - Logging in user...
2024-12-24 16:34:42,422 - INFO - Getting all files...
2024-12-24 16:34:43,054 - INFO - Login complete
2024-12-24 16:34:43,054 - INFO - Successfully connected to MEGA
2024-12-24 16:34:43,055 - INFO - Created local folder: /home/uzair/Desktop/documents_processing/MEGA
2024-12-24 16:34:43,056 - INFO - Created local folder: /home/uzair/Desktop/documents_processing/JOB_LOG
2024-12-24 16:34:43,056 - INFO - 
Starting sync for folder: MEGA
2024-12-24 16:34:43,056 - INFO - Looking for root folder: MEGA
2024-12-24 16:34:43,056 - INFO - Getting all files...
2024-12-24 16:34:43,532 - INFO - Found root folder: MEGA
2024-12-24 16:34:43,532 - INFO - Getting MEGA folder structure...
2024-12-24 16:34:43,532 - INFO - Getting all files...
2024-12-24 16:34:44,084 - INFO - Scanning local folder: /home/uzair/Desktop/documents_processing/MEGA
2024-12-24 16:34:44,084 - INFO - Downloading: 202408394021 - GAS CUTTING SET STAND - APCC AP2175.docx
2024-12-24 16:34:44,085 - INFO - Getting all files...
2024-12-24 16:34:44,721 - INFO - Getting all files...
2024-12-24 16:34:47,015 - INFO - Getting all files...
2024-12-24 16:34:50,569 - INFO - 37200 of 37200 downloaded
2024-12-24 16:34:50,570 - INFO - Getting all files...
2024-12-24 16:34:51,058 - INFO - Getting all files...
2024-12-24 16:34:52,584 - INFO - Downloading: 202410397079 - CHAIN SLING - ZAHID ASLAM HEAVY EQUIPMENT.docx
2024-12-24 16:34:52,584 - INFO - Getting all files...
2024-12-24 16:34:53,064 - INFO - Getting all files...
2024-12-24 16:34:53,679 - INFO - Getting all files...
2024-12-24 16:34:56,497 - INFO - 43264 of 43264 downloaded
2024-12-24 16:34:56,497 - INFO - Getting all files...
2024-12-24 16:34:57,061 - INFO - Getting all files...
2024-12-24 16:34:58,666 - INFO - Downloading: C20240129586 - PRESSURE SAFETY VALVE - NATIONAL HEAT TRANSFER.docx
2024-12-24 16:34:58,667 - INFO - Getting all files...
2024-12-24 16:34:59,124 - INFO - Getting all files...
2024-12-24 16:34:59,602 - INFO - Getting all files...
2024-12-24 16:35:03,431 - INFO - 39064 of 39064 downloaded
2024-12-24 16:35:03,431 - INFO - Getting all files...
2024-12-24 16:35:04,128 - INFO - Getting all files...
2024-12-24 16:35:05,568 - INFO - Downloading: E202400379195 - SCAFFOLDING - CRC FAISAL SITE.docx
2024-12-24 16:35:05,568 - INFO - Getting all files...
2024-12-24 16:35:06,339 - INFO - Getting all files...
2024-12-24 16:35:06,884 - INFO - Getting all files...
2024-12-24 16:35:10,445 - INFO - 40164 of 40164 downloaded
2024-12-24 16:35:10,446 - INFO - Getting all files...
2024-12-24 16:35:11,027 - INFO - Getting all files...
2024-12-24 16:35:12,670 - INFO - Downloading: E20240737885 - AIR COMPRESSOR - HI TECH CONCRETE.docx
2024-12-24 16:35:12,670 - INFO - Getting all files...
2024-12-24 16:35:13,475 - INFO - Getting all files...
2024-12-24 16:35:14,183 - INFO - Getting all files...
2024-12-24 16:35:18,743 - INFO - 39489 of 39489 downloaded
2024-12-24 16:35:18,744 - INFO - Getting all files...
2024-12-24 16:35:19,520 - INFO - Getting all files...
2024-12-24 16:35:21,719 - INFO - Downloading: E202400379196 - AIR COMPRESSOR - AL NASAA.docx
2024-12-24 16:35:21,719 - INFO - Getting all files...
2024-12-24 16:35:22,290 - INFO - Getting all files...
2024-12-24 16:35:22,964 - INFO - Getting all files...
2024-12-24 16:35:31,701 - INFO - 41140 of 41140 downloaded
2024-12-24 16:35:31,701 - INFO - Getting all files...
2024-12-24 16:35:32,158 - INFO - Getting all files...
2024-12-24 16:35:33,808 - INFO - Downloading: E202400379197 - SAFETY HARNESS - COVENANT TEL LLC.docx
2024-12-24 16:35:33,808 - INFO - Getting all files...
2024-12-24 16:35:34,402 - INFO - Getting all files...
2024-12-24 16:35:34,868 - INFO - Getting all files...
2024-12-24 16:35:39,376 - INFO - 37734 of 37734 downloaded
2024-12-24 16:35:39,376 - INFO - Getting all files...
2024-12-24 16:35:39,864 - INFO - Getting all files...
2024-12-24 16:35:41,387 - INFO - Downloading: T2024677863 - CONFINED SPACE SUPERVISOR - VOLTAS.docx
2024-12-24 16:35:41,387 - INFO - Getting all files...
2024-12-24 16:35:41,941 - INFO - Getting all files...
2024-12-24 16:35:42,443 - INFO - Getting all files...
2024-12-24 16:35:45,151 - INFO - 52473 of 52473 downloaded
2024-12-24 16:35:45,151 - INFO - Getting all files...
2024-12-24 16:35:45,631 - INFO - Getting all files...
2024-12-24 16:35:47,043 - INFO - Downloading: R2024012296 - ELECTRIC STACKER - NATIONAL FOOD PRODUCTS COMPANY NFPC MUSAFFAH.docx
2024-12-24 16:35:47,044 - INFO - Getting all files...
2024-12-24 16:35:47,517 - INFO - Getting all files...
2024-12-24 16:35:48,079 - INFO - Getting all files...
2024-12-24 16:35:52,587 - INFO - 43472 of 43472 downloaded
2024-12-24 16:35:52,587 - INFO - Getting all files...
2024-12-24 16:35:53,066 - INFO - Getting all files...
2024-12-24 16:35:54,569 - INFO - Downloading: C20240129584 - PORTABLE WELDING DRYER - RAWAT INJAZ STEEL FABRICATION  & WELDING L L C.docx
2024-12-24 16:35:54,569 - INFO - Getting all files...
2024-12-24 16:35:55,050 - INFO - Getting all files...
2024-12-24 16:35:55,530 - INFO - Getting all files...
2024-12-24 16:35:58,488 - INFO - 38902 of 38902 downloaded
2024-12-24 16:35:58,489 - INFO - Getting all files...
2024-12-24 16:35:59,147 - INFO - Getting all files...
2024-12-24 16:36:00,673 - INFO - Downloading: R2024012300 - LIFE LINE - CRC FAISAL SITE.docx
2024-12-24 16:36:00,673 - INFO - Getting all files...
2024-12-24 16:36:01,251 - INFO - Getting all files...
2024-12-24 16:36:01,749 - INFO - Getting all files...
2024-12-24 16:36:04,369 - INFO - 35969 of 35969 downloaded
2024-12-24 16:36:04,369 - INFO - Getting all files...
2024-12-24 16:36:04,853 - INFO - Getting all files...
2024-12-24 16:36:06,316 - INFO - Downloading: C20240129587 - PRESSURE SAFETY VALVE - NATIONAL HEAT TRANSFER.docx
2024-12-24 16:36:06,316 - INFO - Getting all files...
2024-12-24 16:36:06,838 - INFO - Getting all files...
2024-12-24 16:36:07,300 - INFO - Getting all files...
2024-12-24 16:36:10,400 - INFO - 39070 of 39070 downloaded
2024-12-24 16:36:10,401 - INFO - Getting all files...
2024-12-24 16:36:10,936 - INFO - Getting all files...
2024-12-24 16:36:12,582 - INFO - Downloading: R2024012299 - ELECTRIC STACKER - NATIONAL FOOD PRODUCTS COMPANY NFPC UMM AL NAR.docx
2024-12-24 16:36:12,582 - INFO - Getting all files...
2024-12-24 16:36:13,105 - INFO - Getting all files...
2024-12-24 16:36:13,667 - INFO - Getting all files...
2024-12-24 16:36:16,608 - INFO - 43635 of 43635 downloaded
2024-12-24 16:36:16,609 - INFO - Getting all files...
2024-12-24 16:36:17,077 - INFO - Getting all files...
2024-12-24 16:36:18,558 - INFO - Downloading: T2024080002 - SCAFFOLDING ERECTION AND DISMANTLING - AL QANNATI.docx
2024-12-24 16:36:18,558 - INFO - Getting all files...
2024-12-24 16:36:19,155 - INFO - Getting all files...
2024-12-24 16:36:19,702 - INFO - Getting all files...
2024-12-24 16:36:23,861 - INFO - 71690 of 71690 downloaded
2024-12-24 16:36:23,861 - INFO - Getting all files...
2024-12-24 16:36:24,366 - INFO - Getting all files...
2024-12-24 16:36:26,094 - INFO - Downloading: L20241139923 - CHAIN SLING - YMS ENGINEERING.docx
2024-12-24 16:36:26,094 - INFO - Getting all files...
2024-12-24 16:36:26,608 - INFO - Getting all files...
2024-12-24 16:36:27,069 - INFO - Getting all files...
2024-12-24 16:36:31,626 - INFO - 43209 of 43209 downloaded
2024-12-24 16:36:31,627 - INFO - Getting all files...
2024-12-24 16:36:32,102 - INFO - Getting all files...
2024-12-24 16:36:33,693 - INFO - Downloading: E202400379196 - SCAFFOLDING - CRC FAISAL SITE.docx
2024-12-24 16:36:33,693 - INFO - Getting all files...
2024-12-24 16:36:34,182 - INFO - Getting all files...
2024-12-24 16:36:34,948 - INFO - Getting all files...
2024-12-24 16:36:39,599 - INFO - 40119 of 40119 downloaded
2024-12-24 16:36:39,600 - INFO - Getting all files...
2024-12-24 16:36:40,093 - INFO - Getting all files...
2024-12-24 16:36:41,870 - INFO - Downloading: 2L202407390810 - BOW SHACKLE - HARKKAT GENERAL CONT..docx
2024-12-24 16:36:41,871 - INFO - Getting all files...
2024-12-24 16:36:42,473 - INFO - Getting all files...
2024-12-24 16:36:42,956 - INFO - Getting all files...
2024-12-24 16:36:46,362 - INFO - 38090 of 38090 downloaded
2024-12-24 16:36:46,363 - INFO - Getting all files...
2024-12-24 16:36:46,872 - INFO - Getting all files...
2024-12-24 16:36:48,571 - INFO - Downloading: T2024677862 - CONFINED SPACE SUPERVISOR - VOLTAS.docx
2024-12-24 16:36:48,572 - INFO - Getting all files...
2024-12-24 16:36:49,036 - INFO - Getting all files...
2024-12-24 16:36:49,600 - INFO - Getting all files...
2024-12-24 16:36:52,467 - INFO - 52452 of 52452 downloaded
2024-12-24 16:36:52,467 - INFO - Getting all files...
2024-12-24 16:36:52,956 - INFO - Getting all files...
2024-12-24 16:36:55,430 - INFO - Downloading: C20240129585 - ELECTRODE STABILIZING OVEN - RAWAT INJAZ STEEL FABRICATION  & WELDING L L C.docx
2024-12-24 16:36:55,431 - INFO - Getting all files...
2024-12-24 16:36:56,121 - INFO - Getting all files...
2024-12-24 16:36:56,794 - INFO - Getting all files...
2024-12-24 16:36:59,455 - INFO - 38759 of 38759 downloaded
2024-12-24 16:36:59,455 - INFO - Getting all files...
2024-12-24 16:36:59,940 - INFO - Getting all files...
2024-12-24 16:37:01,466 - INFO - Downloading: C20240129583 - LOAD MOMENT INDICATOR - HAWK AL JIBAL TRANSPORT.docx
2024-12-24 16:37:01,466 - INFO - Getting all files...
2024-12-24 16:37:02,014 - INFO - Getting all files...
2024-12-24 16:37:02,666 - INFO - Getting all files...
2024-12-24 16:37:05,388 - INFO - 34041 of 34041 downloaded
2024-12-24 16:37:05,388 - INFO - Getting all files...
2024-12-24 16:37:06,961 - INFO - Getting all files...
2024-12-24 16:37:08,611 - INFO - Downloading: R2024012298 - ELECTRIC STACKER - NATIONAL FOOD PRODUCTS COMPANY NFPC UMM AL NAR.docx
2024-12-24 16:37:08,611 - INFO - Getting all files...
2024-12-24 16:37:09,320 - INFO - Getting all files...
2024-12-24 16:37:09,815 - INFO - Getting all files...
2024-12-24 16:37:13,619 - INFO - 43627 of 43627 downloaded
2024-12-24 16:37:13,620 - INFO - Getting all files...
2024-12-24 16:37:14,188 - INFO - Getting all files...
2024-12-24 16:37:15,764 - INFO - Downloading: T2024057563 - FLAGMAN - NATIONAL PILING COMPANY.docx
2024-12-24 16:37:15,764 - INFO - Getting all files...
2024-12-24 16:37:16,371 - INFO - Getting all files...
2024-12-24 16:37:16,895 - INFO - Getting all files...
2024-12-24 16:37:19,755 - INFO - 74992 of 74992 downloaded
2024-12-24 16:37:19,755 - INFO - Getting all files...
2024-12-24 16:37:20,235 - INFO - Getting all files...
2024-12-24 16:37:21,586 - INFO - Downloading: L20241139922 - CHAIN SLING - YMS ENGINEERING.docx
2024-12-24 16:37:21,586 - INFO - Getting all files...
2024-12-24 16:37:22,218 - INFO - Getting all files...
2024-12-24 16:37:22,673 - INFO - Getting all files...
2024-12-24 16:37:23,708 - INFO - Request failed, retrying
2024-12-24 16:37:28,953 - INFO - 43200 of 43200 downloaded
2024-12-24 16:37:28,954 - INFO - Getting all files...
2024-12-24 16:37:29,431 - INFO - Getting all files...
2024-12-24 16:37:31,394 - INFO - Downloading: R2024012297 - ELECTRIC STACKER - NATIONAL FOOD PRODUCTS COMPANY NFPC MUSAFFAH.docx
2024-12-24 16:37:31,395 - INFO - Getting all files...
2024-12-24 16:37:31,858 - INFO - Getting all files...
2024-12-24 16:37:32,400 - INFO - Getting all files...
2024-12-24 16:37:35,492 - INFO - 43757 of 43757 downloaded
2024-12-24 16:37:35,492 - INFO - Getting all files...
2024-12-24 16:37:36,069 - INFO - Getting all files...
2024-12-24 16:37:37,884 - INFO - Downloading: T2024057564 - FLAGMAN - NATIONAL PILING COMPANY.docx
2024-12-24 16:37:37,884 - INFO - Getting all files...
2024-12-24 16:37:38,340 - INFO - Getting all files...
2024-12-24 16:37:38,833 - INFO - Getting all files...
2024-12-24 16:37:42,851 - INFO - 75002 of 75002 downloaded
2024-12-24 16:37:42,852 - INFO - Getting all files...
2024-12-24 16:37:43,577 - INFO - Getting all files...
2024-12-24 16:37:45,821 - INFO - 
Starting sync for folder: JOB_LOG
2024-12-24 16:37:45,822 - INFO - Looking for root folder: JOB_LOG
2024-12-24 16:37:45,822 - INFO - Getting all files...
2024-12-24 16:37:46,312 - INFO - Found root folder: JOB_LOG
2024-12-24 16:37:46,312 - INFO - Getting MEGA folder structure...
2024-12-24 16:37:46,312 - INFO - Getting all files...
2024-12-24 16:37:46,815 - INFO - Scanning local folder: /home/uzair/Desktop/documents_processing/JOB_LOG
2024-12-24 16:37:46,815 - INFO - Downloading: JOB LOG SHEET.xlsx
2024-12-24 16:37:46,815 - INFO - Getting all files...
2024-12-24 16:37:47,311 - INFO - Getting all files...
2024-12-24 16:37:47,806 - INFO - Getting all files...
2024-12-24 16:37:51,646 - INFO - 131072 of 2087131 downloaded
2024-12-24 16:37:52,121 - INFO - 393216 of 2087131 downloaded
2024-12-24 16:37:52,525 - INFO - 786432 of 2087131 downloaded
2024-12-24 16:37:53,383 - INFO - 1310720 of 2087131 downloaded
2024-12-24 16:37:54,178 - INFO - 1966080 of 2087131 downloaded
2024-12-24 16:37:54,196 - INFO - 2087131 of 2087131 downloaded
2024-12-24 16:37:54,197 - INFO - Getting all files...
2024-12-24 16:37:54,698 - INFO - Getting all files...
2024-12-24 16:37:56,273 - INFO - 127.0.0.1 - - [24/Dec/2024 16:37:56] "GET /getlinks HTTP/1.1" 200 -
2024-12-24 16:40:37,329 - INFO - 127.0.0.1 - - [24/Dec/2024 16:40:37] "[35m[1mPOST /extract HTTP/1.1[0m" 500 -
2024-12-24 16:44:40,816 - INFO - 127.0.0.1 - - [24/Dec/2024 16:44:40] "[35m[1mPOST /extract HTTP/1.1[0m" 500 -
2024-12-24 16:45:15,620 - INFO - 127.0.0.1 - - [24/Dec/2024 16:45:15] "[35m[1mPOST /extract HTTP/1.1[0m" 500 -
2024-12-24 16:45:16,562 - INFO - 127.0.0.1 - - [24/Dec/2024 16:45:16] "[35m[1mPOST /extract HTTP/1.1[0m" 500 -
2024-12-24 16:45:16,780 - INFO - 127.0.0.1 - - [24/Dec/2024 16:45:16] "[35m[1mPOST /extract HTTP/1.1[0m" 500 -
2024-12-24 16:45:16,968 - INFO - 127.0.0.1 - - [24/Dec/2024 16:45:16] "[35m[1mPOST /extract HTTP/1.1[0m" 500 -
2024-12-24 16:45:17,196 - INFO - 127.0.0.1 - - [24/Dec/2024 16:45:17] "[35m[1mPOST /extract HTTP/1.1[0m" 500 -
2024-12-24 16:45:17,522 - INFO - 127.0.0.1 - - [24/Dec/2024 16:45:17] "[35m[1mPOST /extract HTTP/1.1[0m" 500 -
2024-12-24 16:45:17,783 - INFO - 127.0.0.1 - - [24/Dec/2024 16:45:17] "[35m[1mPOST /extract HTTP/1.1[0m" 500 -
2024-12-24 16:45:17,949 - INFO - 127.0.0.1 - - [24/Dec/2024 16:45:17] "[35m[1mPOST /extract HTTP/1.1[0m" 500 -
2024-12-24 16:45:44,805 - INFO - 127.0.0.1 - - [24/Dec/2024 16:45:44] "[35m[1mPOST /extract HTTP/1.1[0m" 500 -
2024-12-24 16:45:45,791 - INFO - 127.0.0.1 - - [24/Dec/2024 16:45:45] "[35m[1mPOST /extract HTTP/1.1[0m" 500 -
2024-12-24 16:45:47,021 - INFO - 127.0.0.1 - - [24/Dec/2024 16:45:47] "[35m[1mPOST /extract HTTP/1.1[0m" 500 -
2024-12-24 16:45:47,196 - INFO - 127.0.0.1 - - [24/Dec/2024 16:45:47] "[35m[1mPOST /extract HTTP/1.1[0m" 500 -
2024-12-24 16:45:47,388 - INFO - 127.0.0.1 - - [24/Dec/2024 16:45:47] "[35m[1mPOST /extract HTTP/1.1[0m" 500 -
2024-12-24 16:45:47,579 - INFO - 127.0.0.1 - - [24/Dec/2024 16:45:47] "[35m[1mPOST /extract HTTP/1.1[0m" 500 -
2024-12-24 16:45:47,766 - INFO - 127.0.0.1 - - [24/Dec/2024 16:45:47] "[35m[1mPOST /extract HTTP/1.1[0m" 500 -
2024-12-24 16:46:40,508 - INFO - 127.0.0.1 - - [24/Dec/2024 16:46:40] "[35m[1mPOST /extract HTTP/1.1[0m" 500 -
2024-12-24 16:46:41,829 - INFO - 127.0.0.1 - - [24/Dec/2024 16:46:41] "[35m[1mPOST /extract HTTP/1.1[0m" 500 -
2024-12-24 16:47:21,317 - INFO - 127.0.0.1 - - [24/Dec/2024 16:47:21] "[35m[1mPOST /extract HTTP/1.1[0m" 500 -
2024-12-24 16:47:22,232 - INFO - 127.0.0.1 - - [24/Dec/2024 16:47:22] "[35m[1mPOST /extract HTTP/1.1[0m" 500 -
2024-12-24 16:47:22,424 - INFO - 127.0.0.1 - - [24/Dec/2024 16:47:22] "[35m[1mPOST /extract HTTP/1.1[0m" 500 -
2024-12-24 16:47:22,623 - INFO - 127.0.0.1 - - [24/Dec/2024 16:47:22] "[35m[1mPOST /extract HTTP/1.1[0m" 500 -
2024-12-24 16:47:22,792 - INFO - 127.0.0.1 - - [24/Dec/2024 16:47:22] "[35m[1mPOST /extract HTTP/1.1[0m" 500 -
2024-12-24 16:47:22,979 - INFO - 127.0.0.1 - - [24/Dec/2024 16:47:22] "[35m[1mPOST /extract HTTP/1.1[0m" 500 -
2024-12-24 16:47:23,159 - INFO - 127.0.0.1 - - [24/Dec/2024 16:47:23] "[35m[1mPOST /extract HTTP/1.1[0m" 500 -
2024-12-24 16:48:03,400 - INFO - 127.0.0.1 - - [24/Dec/2024 16:48:03] "POST /extract HTTP/1.1" 200 -
2024-12-24 16:49:28,993 - INFO - 127.0.0.1 - - [24/Dec/2024 16:49:28] "POST /extract HTTP/1.1" 200 -
2024-12-24 16:53:58,385 - INFO - 127.0.0.1 - - [24/Dec/2024 16:53:58] "POST /extract HTTP/1.1" 200 -
2024-12-24 16:55:14,528 - INFO - 127.0.0.1 - - [24/Dec/2024 16:55:14] "POST /extract HTTP/1.1" 200 -
2024-12-24 16:55:42,890 - INFO - 127.0.0.1 - - [24/Dec/2024 16:55:42] "[35m[1mPOST /extract HTTP/1.1[0m" 500 -
2024-12-24 16:56:14,672 - INFO - 127.0.0.1 - - [24/Dec/2024 16:56:14] "[35m[1mPOST /extract HTTP/1.1[0m" 500 -
2024-12-24 16:56:51,866 - INFO - 127.0.0.1 - - [24/Dec/2024 16:56:51] "[35m[1mPOST /extract HTTP/1.1[0m" 500 -
2024-12-24 16:58:27,884 - INFO -  * Detected change in '/home/uzair/Desktop/documents_processing/extraction/rules/predict_certificate_number.py', reloading
2024-12-24 18:39:01,496 - INFO - Connecting to MEGA...
2024-12-24 18:39:01,496 - INFO - Logging in user...
2024-12-24 18:39:02,689 - INFO - Getting all files...
2024-12-24 18:39:26,900 - INFO - Login complete
2024-12-24 18:39:26,901 - INFO - Successfully connected to MEGA
2024-12-24 18:39:26,901 - INFO - Created local folder: /home/uzair/Desktop/documents_processing/MEGA
2024-12-24 18:39:26,902 - INFO - Created local folder: /home/uzair/Desktop/documents_processing/JOB_LOG
2024-12-24 18:39:26,902 - INFO - 
Starting sync for folder: MEGA
2024-12-24 18:39:26,902 - INFO - Looking for root folder: MEGA
2024-12-24 18:39:26,903 - INFO - Getting all files...
2024-12-24 18:39:52,163 - INFO - Found root folder: MEGA
2024-12-24 18:39:52,192 - INFO - Getting MEGA folder structure...
2024-12-24 18:39:52,192 - INFO - Getting all files...
2024-12-24 18:40:10,246 - INFO - Scanning local folder: /home/uzair/Desktop/documents_processing/MEGA
2024-12-24 18:40:10,257 - INFO - Downloading: L202408394247 - PAT TEST FOR ANGLE GRINDER - CAPITAL PRECAST.docx
2024-12-24 18:40:10,257 - INFO - Getting all files...
2024-12-24 18:40:32,152 - INFO - Getting all files...
2024-12-24 18:40:49,766 - INFO - Getting all files...
2024-12-24 18:41:10,597 - INFO - 37223 of 37223 downloaded
2024-12-24 18:41:10,598 - INFO - Getting all files...
2024-12-24 18:41:28,698 - INFO - Getting all files...
2024-12-24 18:41:47,990 - INFO - Downloading: T20240268638 - LIFTING SUPERVISOR - TROJAN CITY WALK WAY PROJECT.docx
2024-12-24 18:41:47,991 - INFO - Getting all files...
2024-12-24 18:42:08,406 - INFO - Getting all files...
2024-12-24 18:42:26,196 - INFO - Getting all files...
2024-12-24 18:42:48,794 - INFO - 53001 of 53001 downloaded
2024-12-24 18:42:48,795 - INFO - Getting all files...
2024-12-24 18:44:51,412 - INFO - Connecting to MEGA...
2024-12-24 18:44:51,412 - INFO - Logging in user...
2024-12-24 18:44:52,394 - INFO - Getting all files...
2024-12-24 18:45:08,988 - INFO - Login complete
2024-12-24 18:45:08,988 - INFO - Successfully connected to MEGA
2024-12-24 18:45:08,988 - INFO - Created local folder: /home/uzair/Desktop/documents_processing/MEGA
2024-12-24 18:45:08,988 - INFO - Created local folder: /home/uzair/Desktop/documents_processing/JOB_LOG
2024-12-24 18:45:08,988 - INFO - 
Starting sync for folder: MEGA
2024-12-24 18:45:08,988 - INFO - Looking for root folder: MEGA
2024-12-24 18:45:08,988 - INFO - Getting all files...
2024-12-24 18:45:27,502 - INFO - Found root folder: MEGA
2024-12-24 18:45:27,524 - INFO - Getting MEGA folder structure...
2024-12-24 18:45:27,524 - INFO - Getting all files...
2024-12-24 18:45:45,067 - INFO - Scanning local folder: /home/uzair/Desktop/documents_processing/MEGA
2024-12-24 18:45:45,075 - INFO - Downloading: C20240830551 - PRESSURE GAUGE - ROYAL GAS ABU DHABI.docx
2024-12-24 18:45:45,075 - INFO - Getting all files...
2024-12-24 18:46:02,484 - INFO - Getting all files...
2024-12-24 18:46:19,292 - INFO - Getting all files...
2024-12-24 18:46:43,562 - INFO - 30943 of 30943 downloaded
2024-12-24 18:46:43,563 - INFO - Getting all files...
2024-12-24 18:47:07,261 - INFO - Getting all files...
2024-12-24 18:47:24,957 - INFO - Downloading: T20240269828 - CONFINED SPACE - NATIONAL PROJECTS NPC  BANIYAS PHASE 2.docx
2024-12-24 18:47:24,957 - INFO - Getting all files...
2024-12-24 18:47:41,709 - INFO - Getting all files...
2024-12-24 18:48:21,971 - INFO - Getting all files...
2024-12-24 18:48:43,825 - INFO - 53357 of 53357 downloaded
2024-12-24 18:48:43,825 - INFO - Getting all files...
2024-12-24 18:49:02,073 - INFO - Getting all files...
2024-12-24 18:49:19,606 - INFO - Downloading: T20241192654 - POWER TOOLS OPERATOR - TROJAN VELDROME.docx
2024-12-24 18:49:19,606 - INFO - Getting all files...
2024-12-24 18:49:48,724 - INFO - Getting all files...
2024-12-24 18:50:05,171 - INFO - Getting all files...
2024-12-24 18:50:24,671 - INFO - 55713 of 55713 downloaded
2024-12-24 18:50:24,671 - INFO - Getting all files...
2024-12-24 18:50:41,984 - INFO - Getting all files...
2024-12-24 18:51:00,839 - INFO - Downloading: T20240269189 - WORK AT HRIGHT - UNIMARINE.docx
2024-12-24 18:51:00,839 - INFO - Getting all files...
2024-12-24 18:51:18,647 - INFO - Getting all files...
2024-12-24 18:51:35,460 - INFO - Getting all files...
2024-12-24 18:52:06,885 - INFO - 46948 of 46948 downloaded
2024-12-24 18:52:06,886 - INFO - Getting all files...
2024-12-24 18:52:27,554 - INFO - Getting all files...
2024-12-24 18:52:44,725 - INFO - Downloading: E202405378256 - WELDING MACHINE - ABU DHBAI PRECAST.docx
2024-12-24 18:52:44,725 - INFO - Getting all files...
2024-12-24 18:53:06,821 - INFO - Getting all files...
2024-12-24 18:53:23,594 - INFO - Getting all files...
2024-12-24 18:53:42,452 - INFO - 40107 of 40107 downloaded
2024-12-24 18:53:42,453 - INFO - Getting all files...
2024-12-24 18:54:03,719 - INFO - Getting all files...
2024-12-24 18:54:23,887 - INFO - Downloading: T20240371356 - RIGGER - NSCC INT.docx
2024-12-24 18:54:23,887 - INFO - Getting all files...
2024-12-24 18:54:42,991 - INFO - Getting all files...
2024-12-24 18:55:09,908 - INFO - Getting all files...
2024-12-24 18:55:41,926 - INFO - 70788 of 70788 downloaded
2024-12-24 18:55:41,926 - INFO - Getting all files...
2024-12-24 18:56:00,913 - INFO - Getting all files...
2024-12-24 18:56:22,425 - INFO - Downloading: L202412400970 - CHAIN SLING - CRC NIMA SITE.docx
2024-12-24 18:56:22,425 - INFO - Getting all files...
2024-12-24 18:56:42,123 - INFO - Getting all files...
2024-12-24 18:57:01,062 - INFO - Getting all files...
2024-12-24 18:57:25,416 - INFO - 43602 of 43602 downloaded
2024-12-24 18:57:25,417 - INFO - Getting all files...
2024-12-24 18:57:42,719 - INFO - Getting all files...
2024-12-24 18:58:14,493 - INFO - Downloading: T20240677312 - FABRICATOR - ABU DHABI PRECAST ICAD 1.docx
2024-12-24 18:58:14,493 - INFO - Getting all files...
2024-12-24 18:58:35,134 - INFO - Getting all files...
2024-12-24 18:58:55,339 - INFO - Getting all files...
2024-12-24 18:59:15,887 - INFO - 46663 of 46663 downloaded
2024-12-24 18:59:15,888 - INFO - Getting all files...
2024-12-24 18:59:32,981 - INFO - Getting all files...
2024-12-24 19:00:00,984 - INFO - Downloading: E202411380133 - SCAFFOLDING - MEC.docx
2024-12-24 19:00:00,984 - INFO - Getting all files...
2024-12-24 19:00:19,109 - INFO - Getting all files...
2024-12-24 19:00:35,875 - INFO - Getting all files...
2024-12-24 19:01:01,460 - INFO - 41430 of 41430 downloaded
2024-12-24 19:01:01,460 - INFO - Getting all files...
2024-12-24 19:01:19,334 - INFO - Getting all files...
2024-12-24 19:01:44,555 - INFO - Downloading: L202403386066 - BOW SHACKLE - ABU DHABI PRECAST.docx
2024-12-24 19:01:44,555 - INFO - Getting all files...
2024-12-24 19:02:17,546 - INFO - Getting all files...
2024-12-24 19:02:37,289 - INFO - Getting all files...
2024-12-24 19:02:57,527 - INFO - 37690 of 37690 downloaded
2024-12-24 19:02:57,527 - INFO - Getting all files...
2024-12-24 19:03:19,104 - INFO - Getting all files...
2024-12-24 19:03:39,470 - INFO - Downloading: T20241190889 - SKIP LOADER OPERATOR - BEEAH MAFRAQ YARD.docx
2024-12-24 19:03:39,471 - INFO - Getting all files...
2024-12-24 19:04:06,852 - INFO - Getting all files...
2024-12-24 19:04:23,677 - INFO - Getting all files...
2024-12-24 19:04:43,861 - INFO - 60281 of 60281 downloaded
2024-12-24 19:04:43,862 - INFO - Getting all files...
2024-12-24 19:05:01,589 - INFO - Getting all files...
2024-12-24 19:05:26,291 - INFO - Downloading: T20240269959 - FIRE WATCHER - ARABIAN PROFILE APL COC PROJECT.docx
2024-12-24 19:05:26,291 - INFO - Getting all files...
2024-12-24 19:05:44,429 - INFO - Getting all files...
2024-12-24 19:06:01,562 - INFO - Getting all files...
2024-12-24 19:06:22,633 - INFO - 70833 of 70833 downloaded
2024-12-24 19:06:22,633 - INFO - Getting all files...
2024-12-24 19:06:38,974 - INFO - Getting all files...
2024-12-24 19:06:57,541 - INFO - Downloading: T20241089129 - CONFINED SPACE - SCECO SHAKBOUT CITY.docx
2024-12-24 19:06:57,541 - INFO - Getting all files...
2024-12-24 19:07:22,496 - INFO - Getting all files...
2024-12-24 19:07:39,140 - INFO - Getting all files...
2024-12-24 19:07:59,827 - INFO - 67974 of 67974 downloaded
2024-12-24 19:07:59,827 - INFO - Getting all files...
2024-12-24 19:08:21,763 - INFO - Getting all files...
2024-12-24 19:08:49,837 - INFO - Downloading: T20240372247 - POWER TOOLS WITH ABRASIVE WHEEL - GENFOCUS ELECTROMECH..docx
2024-12-24 19:08:49,837 - INFO - Getting all files...
2024-12-24 19:09:10,535 - INFO - Getting all files...
2024-12-24 19:09:36,543 - INFO - Getting all files...
2024-12-24 19:10:06,779 - INFO - 51734 of 51734 downloaded
2024-12-24 19:10:06,780 - INFO - Getting all files...
2024-12-24 19:10:24,402 - INFO - Getting all files...
2024-12-24 19:10:47,724 - INFO - Downloading: L202409395136 - PAT TEST FOR ANGLE GRINDER - AL MASAOOD.docx
2024-12-24 19:10:47,724 - INFO - Getting all files...
2024-12-24 19:11:08,089 - INFO - Getting all files...
2024-12-24 19:11:27,423 - INFO - Getting all files...
2024-12-24 19:11:47,730 - INFO - 36692 of 36692 downloaded
2024-12-24 19:11:47,731 - INFO - Getting all files...
2024-12-24 19:12:04,519 - INFO - Getting all files...
2024-12-24 19:12:22,603 - INFO - Downloading: T20241193272 - WORK AT HEIGHT - GA ONE GENERAL CONTRACTING.docx
2024-12-24 19:12:22,603 - INFO - Getting all files...
2024-12-24 19:12:43,305 - INFO - Getting all files...
2024-12-24 19:13:03,579 - INFO - Getting all files...
2024-12-24 19:13:23,613 - INFO - 56698 of 56698 downloaded
2024-12-24 19:13:23,614 - INFO - Getting all files...
2024-12-24 19:13:40,563 - INFO - Getting all files...
2024-12-24 19:14:00,645 - INFO - Downloading: C20240830549 - PRESSURE GAUGE - ROYAL GAS ABU DHABI.docx
2024-12-24 19:14:00,645 - INFO - Getting all files...
2024-12-24 19:14:41,078 - INFO - Connecting to MEGA...
2024-12-24 19:14:41,078 - INFO - Logging in user...
2024-12-24 19:14:42,050 - INFO - Getting all files...
2024-12-24 19:15:06,167 - INFO - Login complete
2024-12-24 19:15:06,168 - INFO - Successfully connected to MEGA
2024-12-24 19:15:06,168 - INFO - 
Starting sync for folder: MEGA
2024-12-24 19:15:06,168 - INFO - Looking for root folder: MEGA
2024-12-24 19:15:06,168 - INFO - Getting all files...
2024-12-24 19:15:23,007 - INFO - Found root folder: MEGA
2024-12-24 19:15:23,028 - INFO - Getting MEGA folder structure...
2024-12-24 19:15:23,029 - INFO - Getting all files...
2024-12-24 19:15:40,074 - INFO - Scanning local folder: /home/uzair/Desktop/documents_processing/MEGA
2024-12-24 19:15:40,082 - INFO - Downloading: C20240730330 - PRESSURE GAUGE - AL HABEL.docx
2024-12-24 19:15:40,082 - INFO - Getting all files...
2024-12-24 19:15:56,987 - INFO - Getting all files...
2024-12-24 19:16:18,658 - INFO - Getting all files...
2024-12-24 19:16:37,641 - INFO - 26538 of 26538 downloaded
2024-12-24 19:16:37,642 - INFO - Getting all files...
2024-12-24 19:16:53,886 - INFO - Getting all files...
2024-12-24 19:17:17,450 - INFO - Downloading: T20241193203 - FIRE WARDEN - HI TECH TG 2134.docx
2024-12-24 19:17:17,450 - INFO - Getting all files...
2024-12-24 19:17:34,453 - INFO - Getting all files...
2024-12-24 19:17:51,620 - INFO - Getting all files...
2024-12-24 19:18:18,525 - INFO - 55945 of 55945 downloaded
2024-12-24 19:18:18,525 - INFO - Getting all files...
2024-12-24 19:18:36,772 - INFO - Getting all files...
2024-12-24 19:18:54,975 - INFO - Downloading: T20241294823 - FLAGMAN - NATIONAL PROJECTS NPC I059.docx
2024-12-24 19:18:54,976 - INFO - Getting all files...
2024-12-24 19:19:13,423 - INFO - Getting all files...
2024-12-24 19:19:33,701 - INFO - Getting all files...
2024-12-24 19:19:52,961 - INFO - 55185 of 55185 downloaded
2024-12-24 19:19:52,962 - INFO - Getting all files...
2024-12-24 19:19:57,062 - INFO - 127.0.0.1 - - [24/Dec/2024 19:19:57] "POST /extract HTTP/1.1" 200 -
2024-12-24 19:20:09,829 - INFO - Getting all files...
2024-12-24 19:20:27,368 - INFO - Downloading: L202402384875 - WEBBING SLING - SKILL SAFE INSPECTION AND TRAINING.docx
2024-12-24 19:20:27,368 - INFO - Getting all files...
2024-12-24 19:20:44,570 - INFO - Getting all files...
2024-12-24 19:21:03,021 - INFO - Getting all files...
2024-12-24 19:21:22,650 - INFO - 38180 of 38180 downloaded
2024-12-24 19:21:22,651 - INFO - Getting all files...
2024-12-24 19:21:41,253 - INFO - Getting all files...
2024-12-24 19:21:59,425 - INFO - Downloading: T20241294609 - FIRE FIGHTER - DARWAISH ENGINEERING.docx
2024-12-24 19:21:59,425 - INFO - Getting all files...
2024-12-24 19:22:19,154 - INFO - Getting all files...
2024-12-24 19:22:52,700 - INFO - Getting all files...
2024-12-24 19:23:32,603 - INFO - 55288 of 55288 downloaded
2024-12-24 19:23:32,603 - INFO - Getting all files...
2024-12-24 19:24:04,299 - INFO - Getting all files...
2024-12-24 19:25:04,488 - INFO - Downloading: T20240473314 - POWER TOOLS OPERATOR - BLUE HILLS ALUMINUM.docx
2024-12-24 19:25:04,488 - INFO - Getting all files...
2024-12-24 19:25:49,529 - INFO - Getting all files...
2024-12-24 19:26:07,624 - INFO - Getting all files...
2024-12-24 19:26:26,974 - INFO - 75890 of 75890 downloaded
2024-12-24 19:26:26,975 - INFO - Getting all files...
2024-12-24 19:26:43,306 - INFO - Getting all files...
2024-12-24 19:27:07,623 - INFO - Downloading: T20241190295 - CHEMICAL HANDLING - QUALITY INTERNATIONAL CO. LTD.docx
2024-12-24 19:27:07,623 - INFO - Getting all files...
2024-12-24 19:27:24,716 - INFO - Getting all files...
2024-12-24 19:27:44,040 - INFO - Getting all files...
2024-12-24 19:28:03,817 - INFO - 72914 of 72914 downloaded
2024-12-24 19:28:03,817 - INFO - Getting all files...
2024-12-24 19:28:22,373 - INFO - Getting all files...
2024-12-24 19:28:40,569 - INFO - Downloading: T20241089828 - RIGGER - NATIONAL PROJECTS NPC BANIYAS PHASE-2.docx
2024-12-24 19:28:40,569 - INFO - Getting all files...
2024-12-24 19:28:57,196 - INFO - Getting all files...
2024-12-24 19:29:22,162 - INFO - Getting all files...
2024-12-24 19:29:52,186 - INFO - 73391 of 73391 downloaded
2024-12-24 19:29:52,187 - INFO - Getting all files...
2024-12-24 19:30:10,077 - INFO - Getting all files...
2024-12-24 19:30:32,182 - INFO - Downloading: T20240574019 - FLAGMAN - GENFOCUS ELECTROMECH.docx
2024-12-24 19:30:32,182 - INFO - Getting all files...
2024-12-24 19:30:57,265 - INFO - Getting all files...
2024-12-24 19:31:21,276 - INFO - Getting all files...
2024-12-24 19:31:53,716 - INFO - 41906 of 41906 downloaded
2024-12-24 19:31:53,717 - INFO - Getting all files...
2024-12-24 19:32:29,069 - INFO - Getting all files...
2024-12-24 19:32:47,141 - INFO - Downloading: T20240778857 - WORK AT HEIGHT - SANDID TECHNICAL SERVICES.docx
2024-12-24 19:32:47,142 - INFO - Getting all files...
2024-12-24 19:33:05,000 - INFO - Getting all files...
2024-12-24 19:33:25,091 - INFO - Getting all files...
2024-12-24 19:33:44,847 - INFO - 59102 of 59102 downloaded
2024-12-24 19:33:44,847 - INFO - Getting all files...
2024-12-24 19:34:17,697 - INFO - Getting all files...
2024-12-24 19:34:36,439 - INFO - Downloading: T20241088860 - EXCAVATOR OPERATOR - GHULAM MUJTABA TRANSPORT.docx
2024-12-24 19:34:36,439 - INFO - Getting all files...
2024-12-24 19:34:57,276 - INFO - Getting all files...
2024-12-24 19:35:15,623 - INFO - Getting all files...
2024-12-24 19:35:35,659 - INFO - 71970 of 71970 downloaded
2024-12-24 19:35:35,659 - INFO - Getting all files...
2024-12-24 19:36:22,940 - INFO - Getting all files...
2024-12-24 19:38:41,939 - INFO - Downloading: T20240574576 - WORK AT HEIGHT - OCEAN RUBBER FACTORY.docx
2024-12-24 19:38:41,939 - INFO - Getting all files...
2024-12-24 19:41:09,853 - INFO - Getting all files...
2024-12-24 19:41:31,844 - INFO - Getting all files...
2024-12-24 19:42:08,737 - INFO - 43701 of 43701 downloaded
2024-12-24 19:42:08,737 - INFO - Getting all files...
2024-12-24 19:42:59,211 - INFO - Getting all files...
2024-12-24 19:43:45,968 - INFO - Downloading: T20241191074 - KERB STONE CUTTING MACHINE OPERATOR - NATIONAL PROJECTS NPC I059.docx
2024-12-24 19:43:45,968 - INFO - Getting all files...
2024-12-24 19:46:05,634 - INFO - Getting all files...
2024-12-24 19:46:52,663 - INFO - Getting all files...
2024-12-24 19:47:32,277 - INFO - 53222 of 53222 downloaded
2024-12-24 19:47:32,277 - INFO - Getting all files...
2024-12-24 19:48:37,272 - INFO - Getting all files...
2024-12-24 19:49:09,755 - INFO - Downloading: T20240166925 - FIRE WARDEN - AL JAIS.docx
2024-12-24 19:49:09,755 - INFO - Getting all files...
2024-12-24 19:49:56,221 - INFO - Getting all files...
2024-12-24 19:50:16,523 - INFO - Getting all files...
2024-12-24 19:50:36,210 - INFO - 66237 of 66237 downloaded
2024-12-24 19:50:36,210 - INFO - Getting all files...
2024-12-24 19:50:54,515 - INFO - Getting all files...
2024-12-24 19:51:22,868 - INFO - Downloading: L202407391781 - FALSE WORK - CHINA NEUCLEAR IND..docx
2024-12-24 19:51:22,868 - INFO - Getting all files...
2024-12-24 19:51:56,185 - INFO - Getting all files...
2024-12-24 19:52:13,293 - INFO - Getting all files...
2024-12-24 19:52:44,478 - INFO - 42880 of 42880 downloaded
2024-12-24 19:52:44,479 - INFO - Getting all files...
2024-12-24 19:53:03,204 - INFO - Getting all files...
2024-12-24 19:53:21,180 - INFO - Downloading: T20241190948 - SKID STEER LOADER OPERATOR - CONCORD STARS.docx
2024-12-24 19:53:21,180 - INFO - Getting all files...
2024-12-24 19:53:38,976 - INFO - Getting all files...
2024-12-24 19:54:05,042 - INFO - Getting all files...
2024-12-24 19:54:25,781 - INFO - 68646 of 68646 downloaded
2024-12-24 19:54:25,781 - INFO - Getting all files...
2024-12-24 19:55:10,259 - INFO - Getting all files...
2024-12-24 19:55:49,180 - INFO - Downloading: T20240167124 - MOBILE CRANE OPERATOR - TOWNSHIP GENERAL TRANSPORT.docx
2024-12-24 19:55:49,180 - INFO - Getting all files...
2024-12-24 19:56:28,082 - INFO - Getting all files...
2024-12-24 19:57:30,608 - INFO - Getting all files...
2024-12-24 19:57:53,245 - INFO - 50561 of 50561 downloaded
2024-12-24 19:57:53,245 - INFO - Getting all files...
2024-12-24 19:58:09,924 - INFO - Getting all files...
2024-12-24 19:58:59,225 - INFO - Downloading: L202405388441 - COMPLIANCE CERTIFICATE FOR PROP JACK - ABU DHABI PRECAST.docx
2024-12-24 19:58:59,225 - INFO - Getting all files...
2024-12-24 19:59:43,228 - INFO - Getting all files...
2024-12-24 20:00:50,220 - INFO - Getting all files...
2024-12-24 20:01:46,513 - INFO - 33623 of 33623 downloaded
2024-12-24 20:01:46,514 - INFO - Getting all files...
2024-12-24 20:02:07,586 - INFO - Getting all files...
2024-12-24 20:03:04,737 - INFO - Downloading: T20240984130 - SCAFFOLDING ERECTION AND DISMANTLING - AL QANNATI.docx
2024-12-24 20:03:04,738 - INFO - Getting all files...
2024-12-24 20:03:27,494 - INFO - Getting all files...
2024-12-24 20:04:09,474 - INFO - Getting all files...
2024-12-24 20:04:56,744 - INFO - 66760 of 66760 downloaded
2024-12-24 20:04:56,745 - INFO - Getting all files...
2024-12-24 20:05:50,845 - INFO - Getting all files...
2024-12-24 20:06:11,301 - INFO - Downloading: T20241192963 - CONFINED SPACE - AIO FACILITY MANAGEMENT.docx
2024-12-24 20:06:11,301 - INFO - Getting all files...
2024-12-24 20:06:31,667 - INFO - Getting all files...
2024-12-24 20:06:50,388 - INFO - Getting all files...
2024-12-24 20:07:18,423 - INFO - 54804 of 54804 downloaded
2024-12-24 20:07:18,424 - INFO - Getting all files...
2024-12-24 20:07:53,587 - INFO - Getting all files...
2024-12-24 20:08:15,023 - INFO - Downloading: T20241294815 - FLAGMAN - NATIONAL PROJECTS NPC I059.docx
2024-12-24 20:08:15,023 - INFO - Getting all files...
2024-12-24 20:08:39,865 - INFO - Getting all files...
2024-12-24 20:09:46,297 - INFO - Getting all files...
2024-12-24 20:10:34,595 - INFO - 55123 of 55123 downloaded
2024-12-24 20:10:34,596 - INFO - Getting all files...
2024-12-24 20:11:18,612 - INFO - Getting all files...
2024-12-24 20:11:38,363 - INFO - Downloading: T20241086713 - RIGGER - NSCC INTERNATIONAL BLUE WATER.docx
2024-12-24 20:11:38,364 - INFO - Getting all files...
2024-12-24 20:11:58,770 - INFO - Getting all files...
2024-12-24 20:12:18,810 - INFO - Getting all files...
2024-12-24 20:12:42,846 - INFO - 71375 of 71375 downloaded
2024-12-24 20:12:42,847 - INFO - Getting all files...
2024-12-24 20:13:01,766 - INFO - Getting all files...
2024-12-24 20:13:38,892 - INFO - Downloading: L202401384049 - CRADLE - TROJAN GENERAL CONT. BARAKA.docx
2024-12-24 20:13:38,892 - INFO - Getting all files...
2024-12-24 20:14:26,319 - INFO - Getting all files...
2024-12-24 20:15:05,787 - INFO - Getting all files...
2024-12-24 20:15:27,352 - INFO - 40904 of 40904 downloaded
2024-12-24 20:15:27,353 - INFO - Getting all files...
2024-12-24 20:16:10,084 - INFO - Getting all files...
2024-12-24 20:16:30,632 - INFO - Downloading: L202407391556 - CHAIN SLING - DYNAMIC CONTRACTING EQUIPMENT LLC.docx
2024-12-24 20:16:30,632 - INFO - Getting all files...
2024-12-24 20:17:05,816 - INFO - Getting all files...
2024-12-24 20:17:36,931 - INFO - Getting all files...
2024-12-24 20:18:13,768 - INFO - 42759 of 42759 downloaded
2024-12-24 20:18:13,769 - INFO - Getting all files...
2024-12-24 20:19:23,358 - INFO - Getting all files...
2024-12-24 20:19:42,911 - INFO - Downloading: T20240371938 - WORK AT HEIGHT - PURE ENERGY.docx
2024-12-24 20:19:42,911 - INFO - Getting all files...
2024-12-24 20:20:25,420 - INFO - Getting all files...
2024-12-24 20:21:20,636 - INFO - Getting all files...
2024-12-24 20:21:51,613 - INFO - 70923 of 70923 downloaded
2024-12-24 20:21:51,614 - INFO - Getting all files...
2024-12-24 20:22:16,152 - INFO - Getting all files...
2024-12-24 20:22:46,795 - INFO - Downloading: L202401383734 - PAT TEST FOR CUTTING MACHINE - UNIMARINE TECHNICAL SERVICES.docx
2024-12-24 20:22:46,795 - INFO - Getting all files...
2024-12-24 20:23:07,921 - INFO - Getting all files...
2024-12-24 20:23:49,945 - INFO - Getting all files...
2024-12-24 20:24:36,061 - INFO - 44082 of 44082 downloaded
2024-12-24 20:24:36,062 - INFO - Getting all files...
2024-12-24 20:25:07,494 - INFO - Getting all files...
2024-12-24 20:25:40,447 - INFO - Downloading: T20240166780 - SCAFFOLGING ERECTOR - TROJAN  SHAKEBOUT REST HOUSE PHASE 6.docx
2024-12-24 20:25:40,447 - INFO - Getting all files...
2024-12-24 20:26:57,580 - INFO - Getting all files...
2024-12-24 20:27:30,456 - INFO - Getting all files...
2024-12-24 20:28:26,012 - INFO - 60778 of 60778 downloaded
2024-12-24 20:28:26,012 - INFO - Getting all files...
2024-12-24 20:29:17,945 - INFO - Getting all files...
2024-12-24 20:29:39,702 - INFO - Downloading: T20241191743 - RIGGING AND SLINGING - ABU DHABI PRECAST.docx
2024-12-24 20:29:39,703 - INFO - Getting all files...
2024-12-24 20:30:38,491 - INFO - Getting all files...
2024-12-24 20:31:16,101 - INFO - Getting all files...
2024-12-24 20:31:41,704 - INFO - 68986 of 68986 downloaded
2024-12-24 20:31:41,705 - INFO - Getting all files...
2024-12-24 20:32:18,718 - INFO - Getting all files...
2024-12-24 20:32:47,160 - INFO - Downloading: L202411399867 - WEBBING SLING - GOOD WILL GENERAL TRANSPORT.docx
2024-12-24 20:32:47,160 - INFO - Getting all files...
2024-12-24 20:33:23,236 - INFO - Getting all files...
2024-12-24 20:33:51,613 - INFO - Getting all files...
2024-12-24 20:34:26,958 - INFO - 39290 of 39290 downloaded
2024-12-24 20:34:26,959 - INFO - Getting all files...
2024-12-24 20:35:02,096 - INFO - Getting all files...
2024-12-24 20:35:22,961 - INFO - Downloading: T20241086809 - FIRE WARDEN - HI TECH 1340 SADIYAT ISLAND.docx
2024-12-24 20:35:22,962 - INFO - Getting all files...
2024-12-24 20:35:45,328 - INFO - Getting all files...
2024-12-24 20:36:03,531 - INFO - Getting all files...
2024-12-24 20:36:40,608 - INFO - 71698 of 71698 downloaded
2024-12-24 20:36:40,608 - INFO - Getting all files...
2024-12-24 20:36:58,532 - INFO - Getting all files...
2024-12-24 20:37:20,878 - INFO - Downloading: T20240780048 - LIFTING SUPERVISOR - AUM BUILDING CONTRACTING.docx
2024-12-24 20:37:20,878 - INFO - Getting all files...
2024-12-24 20:38:02,122 - INFO - Getting all files...
2024-12-24 20:38:22,359 - INFO - Getting all files...
2024-12-24 20:39:56,187 - INFO - 60632 of 60632 downloaded
2024-12-24 20:39:56,188 - INFO - Getting all files...
2024-12-24 20:40:18,596 - INFO - Getting all files...
2024-12-24 20:41:08,126 - INFO - Downloading: L202409394687 - LOADING PLATFORM - ENGINEERING CONTRACTING COMPANY ECC PENISULA BUSINESS BAY.docx
2024-12-24 20:41:08,126 - INFO - Getting all files...
2024-12-24 20:41:36,695 - INFO - Getting all files...
2024-12-24 20:42:10,419 - INFO - Getting all files...
2024-12-24 20:42:38,415 - INFO - 44221 of 44221 downloaded
2024-12-24 20:42:38,416 - INFO - Getting all files...
2024-12-24 20:43:08,010 - INFO - Getting all files...
2024-12-24 20:43:27,741 - INFO - Downloading: T20241089166 - LIFTING SUPERVISOR - DUTCH FOUNDATION 1969, 1971, 1972.docx
2024-12-24 20:43:27,741 - INFO - Getting all files...
2024-12-24 20:44:13,527 - INFO - Getting all files...
2024-12-24 20:44:31,772 - INFO - Getting all files...
2024-12-24 20:45:04,425 - INFO - 71037 of 71037 downloaded
2024-12-24 20:45:04,426 - INFO - Getting all files...
2024-12-24 20:45:23,352 - INFO - Getting all files...
2024-12-24 20:45:42,772 - INFO - Downloading: T20240167494 - WELDER - INTERGRANDE BKC LABOUR SUPPLY LLC.docx
2024-12-24 20:45:42,772 - INFO - Getting all files...
2024-12-24 20:46:28,549 - INFO - Getting all files...
2024-12-24 20:47:02,773 - INFO - Getting all files...
2024-12-24 20:47:26,628 - INFO - 37266 of 37266 downloaded
2024-12-24 20:47:26,629 - INFO - Getting all files...
2024-12-24 20:47:45,197 - INFO - Getting all files...
2024-12-24 20:48:08,570 - INFO - Downloading: T20240882745 - RIGGER - TROJAN GENERAL CONT SAS AL NAKHEEL.docx
2024-12-24 20:48:08,570 - INFO - Getting all files...
2024-12-24 20:48:55,833 - INFO - Getting all files...
2024-12-24 20:49:17,270 - INFO - Getting all files...
2024-12-24 20:49:40,048 - INFO - 52862 of 52862 downloaded
2024-12-24 20:49:40,048 - INFO - Getting all files...
2024-12-24 20:50:19,524 - INFO - Getting all files...
2024-12-24 20:50:44,186 - INFO - Downloading: T20240370479 - BASIC FIRST AID - VOLTAS LTD.docx
2024-12-24 20:50:44,186 - INFO - Getting all files...
2024-12-24 20:51:03,229 - INFO - Getting all files...
2024-12-24 20:51:42,703 - INFO - Getting all files...
2024-12-24 20:52:30,628 - INFO - 66012 of 66012 downloaded
2024-12-24 20:52:30,629 - INFO - Getting all files...
2024-12-24 20:52:47,914 - INFO - Getting all files...
2024-12-24 20:53:15,288 - INFO - Downloading: L202409395978 - FALL ARRESTER - HOUSE OF CONSTRUCTION BUILDING CONT..docx
2024-12-24 20:53:15,288 - INFO - Getting all files...
2024-12-24 20:53:38,960 - INFO - Getting all files...
2024-12-24 20:53:59,708 - INFO - Getting all files...
2024-12-24 20:54:22,593 - INFO - 36649 of 36649 downloaded
2024-12-24 20:54:22,594 - INFO - Getting all files...
2024-12-24 20:55:02,885 - INFO - Getting all files...
2024-12-24 20:56:20,395 - INFO - Downloading: E202410379723 - WELDING MACHINE - HOC BUILDING CONT..docx
2024-12-24 20:56:20,395 - INFO - Getting all files...
2024-12-24 20:57:00,883 - INFO - Getting all files...
2024-12-24 20:57:28,040 - INFO - Getting all files...
2024-12-24 20:58:59,508 - INFO - 40189 of 40189 downloaded
2024-12-24 20:58:59,508 - INFO - Getting all files...
2024-12-24 20:59:19,607 - INFO - Getting all files...
2024-12-24 20:59:38,629 - INFO - Downloading: T20240676463 - CONFINED SPACE SUPERVISOR  - CHINA ENERGY.docx
2024-12-24 20:59:38,629 - INFO - Getting all files...
2024-12-24 20:59:56,274 - INFO - Getting all files...
2024-12-24 21:00:13,786 - INFO - Getting all files...
2024-12-24 21:00:36,821 - INFO - 66404 of 66404 downloaded
2024-12-24 21:00:36,822 - INFO - Getting all files...
2024-12-24 21:00:57,652 - INFO - Getting all files...
2024-12-24 21:01:17,693 - INFO - Downloading: T20241088800 - BACKHOE LOADER OPERATOR - CONCORD STARS.docx
2024-12-24 21:01:17,693 - INFO - Getting all files...
2024-12-24 21:01:35,943 - INFO - Getting all files...
2024-12-24 21:01:54,078 - INFO - Getting all files...
2024-12-24 21:02:20,722 - INFO - 68822 of 68822 downloaded
2024-12-24 21:02:20,723 - INFO - Getting all files...
2024-12-24 21:02:54,215 - INFO - Getting all files...
2024-12-24 21:03:13,365 - INFO - Downloading: L202408393069 - CRADLER - DANWAY SANDEEP.docx
2024-12-24 21:03:13,366 - INFO - Getting all files...
2024-12-24 21:03:54,976 - INFO - Getting all files...
2024-12-24 21:04:14,503 - INFO - Getting all files...
2024-12-24 21:04:36,631 - INFO - 41616 of 41616 downloaded
2024-12-24 21:04:36,632 - INFO - Getting all files...
2024-12-24 21:04:55,263 - INFO - Getting all files...
2024-12-24 21:05:15,870 - INFO - Downloading: T20240370627 - LIFTING SUPERVISOR - AUM BUILDING CONTRACTING.docx
2024-12-24 21:05:15,871 - INFO - Getting all files...
2024-12-24 21:05:42,334 - INFO - Getting all files...
2024-12-24 21:06:04,134 - INFO - Getting all files...
2024-12-24 21:06:28,681 - INFO - 60600 of 60600 downloaded
2024-12-24 21:06:28,682 - INFO - Getting all files...
2024-12-24 21:06:46,663 - INFO - Getting all files...
2024-12-24 21:07:11,857 - INFO - Downloading: T20241294860 - LIFTING SUPERVISOR - NATIONAL PROJECTS NPC I059.docx
2024-12-24 21:07:11,857 - INFO - Getting all files...
2024-12-24 21:07:38,706 - INFO - Getting all files...
2024-12-24 21:07:56,727 - INFO - Getting all files...
2024-12-24 21:10:27,583 - INFO - 55651 of 55651 downloaded
2024-12-24 21:10:27,584 - INFO - Getting all files...
2024-12-24 21:10:53,234 - INFO - Getting all files...
2024-12-24 21:11:12,069 - INFO - Downloading: T20240779449 - SCAFFOLDING SUPERVISOR - CIVIL POWER GENERAL CONT..docx
2024-12-24 21:11:12,069 - INFO - Getting all files...
2024-12-24 21:11:30,568 - INFO - Getting all files...
2024-12-24 21:12:05,246 - INFO - Getting all files...
2024-12-24 21:12:28,791 - INFO - 64838 of 64838 downloaded
2024-12-24 21:12:28,792 - INFO - Getting all files...
2024-12-24 21:12:46,757 - INFO - Getting all files...
2024-12-24 21:13:07,344 - INFO - Downloading: T20240371983 - WORK AT HEIGHT - CRC VILLANOVA SOHAIL SITE.docx
2024-12-24 21:13:07,345 - INFO - Getting all files...
2024-12-24 21:13:25,207 - INFO - Getting all files...
2024-12-24 21:13:45,281 - INFO - Getting all files...
2024-12-24 21:14:16,292 - INFO - 71362 of 71362 downloaded
2024-12-24 21:14:16,293 - INFO - Getting all files...
2024-12-24 21:14:47,070 - INFO - Getting all files...
2024-12-24 21:15:05,990 - INFO - Downloading: L202405388097 - WINCH MACHINE - DANWAY SANDEEP.docx
2024-12-24 21:15:05,990 - INFO - Getting all files...
2024-12-24 21:21:06,145 - INFO - Connecting to MEGA...
2024-12-24 21:21:06,146 - INFO - Logging in user...
2024-12-24 21:21:07,604 - INFO - Getting all files...
2024-12-24 21:21:34,339 - INFO - Login complete
2024-12-24 21:21:34,339 - INFO - Successfully connected to MEGA
2024-12-24 21:21:34,340 - INFO - 
Starting sync for folder: MEGA
2024-12-24 21:21:34,340 - INFO - Looking for root folder: MEGA
2024-12-24 21:21:34,340 - INFO - Getting all files...
2024-12-24 21:23:08,544 - INFO - Found root folder: MEGA
2024-12-24 21:23:08,601 - INFO - Getting MEGA folder structure...
2024-12-24 21:23:08,602 - INFO - Getting all files...
2024-12-24 21:23:57,382 - INFO - Scanning local folder: /home/uzair/Desktop/documents_processing/MEGA
2024-12-24 21:23:57,406 - INFO - Downloading: T20240574935 - SCAFOLDING ERECTION AND DISMANTLING - NATIONAL PROJECTS NPC YAS ILAND CASH.docx
2024-12-24 21:23:57,406 - INFO - Getting all files...
2024-12-24 21:24:16,886 - INFO - Getting all files...
2024-12-24 21:24:43,583 - INFO - Getting all files...
2024-12-24 21:25:09,724 - INFO - 53414 of 53414 downloaded
2024-12-24 21:25:09,725 - INFO - Getting all files...
2024-12-24 21:25:33,963 - INFO - Getting all files...
2024-12-24 21:26:13,888 - INFO - Downloading: T20241087241 - CONFINED SPACE ATTENDANT - LEADERS FORT CONT..docx
2024-12-24 21:26:13,888 - INFO - Getting all files...
2024-12-24 21:26:34,472 - INFO - Getting all files...
2024-12-24 21:26:52,244 - INFO - Getting all files...
2024-12-24 21:27:31,654 - INFO - 67703 of 67703 downloaded
2024-12-24 21:27:31,655 - INFO - Getting all files...
2024-12-24 21:28:05,848 - INFO - Getting all files...
2024-12-24 21:28:24,044 - INFO - Downloading: L202401382876 - SKID STEER LOADER - KHUSHAB INTERNATIONAL.docx
2024-12-24 21:28:24,044 - INFO - Getting all files...
2024-12-24 21:28:48,286 - INFO - Getting all files...
2024-12-24 21:29:21,612 - INFO - Getting all files...
2024-12-24 21:29:57,332 - INFO - 37987 of 37987 downloaded
2024-12-24 21:29:57,332 - INFO - Getting all files...
2024-12-24 21:30:37,151 - INFO - Getting all files...
2024-12-24 21:31:10,708 - INFO - Downloading: L202409394964 - BOW SHACKLE - SAHARA ENGINEERING.docx
2024-12-24 21:31:10,708 - INFO - Getting all files...
2024-12-24 21:31:29,849 - INFO - Getting all files...
2024-12-24 21:31:46,622 - INFO - Getting all files...
2024-12-24 21:32:09,349 - INFO - 37914 of 37914 downloaded
2024-12-24 21:32:09,350 - INFO - Getting all files...
2024-12-24 21:32:35,367 - INFO - Getting all files...
2024-12-24 21:32:54,936 - INFO - Downloading: E202404378091 - WELDING MACHINE - MCC GROUP.docx
2024-12-24 21:32:54,936 - INFO - Getting all files...
2024-12-24 21:33:10,918 - INFO - Getting all files...
2024-12-24 21:33:28,050 - INFO - Getting all files...
2024-12-24 21:34:12,551 - INFO - 39697 of 39697 downloaded
2024-12-24 21:34:12,552 - INFO - Getting all files...
2024-12-24 21:34:29,580 - INFO - Getting all files...
2024-12-24 21:34:49,230 - INFO - Downloading: L202407392035 - GENERATOR - CECEP TECHAND ECOLOGY AND ENVIRONMENT.docx
2024-12-24 21:34:49,230 - INFO - Getting all files...
2024-12-24 21:35:17,619 - INFO - Getting all files...
2024-12-24 21:35:43,690 - INFO - Getting all files...
2024-12-24 21:36:04,996 - INFO - 40280 of 40280 downloaded
2024-12-24 21:36:04,996 - INFO - Getting all files...
2024-12-24 21:36:35,918 - INFO - Getting all files...
2024-12-24 21:36:56,255 - INFO - Downloading: T20241193211 - FIRE WARDEN - HI TECH TG 2134.docx
2024-12-24 21:36:56,255 - INFO - Getting all files...
2024-12-24 21:37:26,479 - INFO - Getting all files...
2024-12-24 21:37:51,439 - INFO - Getting all files...
2024-12-24 21:38:14,196 - INFO - 56038 of 56038 downloaded
2024-12-24 21:38:14,196 - INFO - Getting all files...
2024-12-24 21:38:32,080 - INFO - Getting all files...
2024-12-24 21:38:50,589 - INFO - Downloading: T20240371539 - FIRE WARDEN - TROJAN SHAMKHA SCHOOL 01.docx
2024-12-24 21:38:50,589 - INFO - Getting all files...
2024-12-24 21:39:36,773 - INFO - Getting all files...
2024-12-24 21:40:06,318 - INFO - Getting all files...
2024-12-24 21:40:32,921 - INFO - 59407 of 59407 downloaded
2024-12-24 21:40:32,921 - INFO - Getting all files...
2024-12-24 21:40:53,153 - INFO - Getting all files...
2024-12-24 21:41:52,225 - INFO - Downloading: T20240880767 - POWER TOOLS OPERATOR - CAPITAL PRECAST.docx
2024-12-24 21:41:52,225 - INFO - Getting all files...
2024-12-24 21:42:33,029 - INFO - Getting all files...
2024-12-24 21:42:56,366 - INFO - Getting all files...
2024-12-24 21:43:20,638 - INFO - 66922 of 66922 downloaded
2024-12-24 21:43:20,638 - INFO - Getting all files...
2024-12-24 21:43:37,661 - INFO - Getting all files...
2024-12-24 21:43:57,635 - INFO - Downloading: T20240984543 - OVERHEAD CRANE OPERATOR - ABU DHABI PRECAST.docx
2024-12-24 21:43:57,636 - INFO - Getting all files...
2024-12-24 21:44:24,676 - INFO - Getting all files...
2024-12-24 21:44:42,845 - INFO - Getting all files...
2024-12-24 21:45:11,249 - INFO - 86180 of 86180 downloaded
2024-12-24 21:45:11,250 - INFO - Getting all files...
2024-12-24 21:45:33,568 - INFO - Getting all files...
2024-12-24 21:45:52,954 - INFO - Downloading: T20240676854 - CONFINED SPACE - TROJAN PRIVATE VILLA.docx
2024-12-24 21:45:52,955 - INFO - Getting all files...
2024-12-24 21:46:19,253 - INFO - Getting all files...
2024-12-24 21:46:48,039 - INFO - Getting all files...
2024-12-24 21:47:09,816 - INFO - 53486 of 53486 downloaded
2024-12-24 21:47:09,816 - INFO - Getting all files...
2024-12-24 21:47:27,829 - INFO - Getting all files...
2024-12-24 21:47:47,089 - INFO - Downloading: T20241294638 - FIRST AID - TROJAN VELDROME.docx
2024-12-24 21:47:47,089 - INFO - Getting all files...
2024-12-24 21:48:04,619 - INFO - Getting all files...
2024-12-24 21:48:21,454 - INFO - Getting all files...
2024-12-24 21:48:40,397 - INFO - 56694 of 56694 downloaded
2024-12-24 21:48:40,397 - INFO - Getting all files...
2024-12-24 21:48:58,423 - INFO - Getting all files...
2024-12-24 21:49:29,545 - INFO - Downloading: T20241190274 - FIRE FIGHTER - EURO DUBAI TECHNICAL SERVICES.docx
2024-12-24 21:49:29,545 - INFO - Getting all files...
2024-12-24 21:49:47,032 - INFO - Getting all files...
2024-12-24 21:50:04,702 - INFO - Getting all files...
2024-12-24 21:50:24,364 - INFO - 67022 of 67022 downloaded
2024-12-24 21:50:24,364 - INFO - Getting all files...
2024-12-24 21:50:50,884 - INFO - Getting all files...
2024-12-24 21:51:13,434 - INFO - Downloading: T20241089167 - LIFTING SUPERVISOR - DUTCH FOUNDATION 1969, 1971, 1972.docx
2024-12-24 21:51:13,434 - INFO - Getting all files...
2024-12-24 21:51:38,850 - INFO - Getting all files...
2024-12-24 21:51:56,502 - INFO - Getting all files...
2024-12-24 21:52:18,570 - INFO - 70973 of 70973 downloaded
2024-12-24 21:52:18,570 - INFO - Getting all files...
2024-12-24 21:52:42,763 - INFO - Getting all files...
2024-12-24 21:53:06,297 - INFO - Downloading: L202402385167 - PAT TEST FOR ROTARY HAMMER - UNITED PRECAST BANIYAS PHASE 3.docx
2024-12-24 21:53:06,297 - INFO - Getting all files...
2024-12-24 21:53:28,780 - INFO - Getting all files...
2024-12-24 21:53:46,811 - INFO - Getting all files...
2024-12-24 21:54:11,448 - INFO - 36679 of 36679 downloaded
2024-12-24 21:54:11,449 - INFO - Getting all files...
2024-12-24 21:54:27,986 - INFO - Getting all files...
2024-12-24 21:54:51,498 - INFO - Downloading: T20240677680 - CONFINED SPACE ENTRANT  - TROJAN GENERAL CONT SAS AL NAKHEEL.docx
2024-12-24 21:54:51,498 - INFO - Getting all files...
2024-12-24 21:55:09,390 - INFO - Getting all files...
2024-12-24 21:55:26,416 - INFO - Getting all files...
2024-12-24 21:55:49,801 - INFO - 55372 of 55372 downloaded
2024-12-24 21:55:49,801 - INFO - Getting all files...
2024-12-24 21:56:06,345 - INFO - Getting all files...
2024-12-24 21:56:28,989 - INFO - Downloading: E202408379206 - WELDING MACHINE - ROYAL GAS DUBAI.docx
2024-12-24 21:56:28,989 - INFO - Getting all files...
2024-12-24 21:56:47,189 - INFO - Getting all files...
2024-12-24 21:57:03,371 - INFO - Getting all files...
2024-12-24 21:57:27,639 - INFO - 39768 of 39768 downloaded
2024-12-24 21:57:27,639 - INFO - Getting all files...
2024-12-24 21:57:53,087 - INFO - Getting all files...
2024-12-24 21:58:12,397 - INFO - Downloading: L202410397625 - MOBILE CRANE - RAWAT AL INJAZ.docx
2024-12-24 21:58:12,397 - INFO - Getting all files...
2024-12-24 21:58:35,123 - INFO - Getting all files...
2024-12-24 21:58:52,337 - INFO - Getting all files...
2024-12-24 21:59:17,572 - INFO - 43719 of 43719 downloaded
2024-12-24 21:59:17,572 - INFO - Getting all files...
2024-12-24 21:59:45,431 - INFO - Getting all files...
2024-12-24 22:00:09,285 - INFO - Downloading: L202405389403 - COMPLIANCE CERTIFICATE FOR PROP JACK - UNITED PRECAST CONCRETE UPC.docx
2024-12-24 22:00:09,285 - INFO - Getting all files...
2024-12-24 22:00:25,837 - INFO - Getting all files...
2024-12-24 22:03:11,478 - ERROR - Error downloading L202405389403 - COMPLIANCE CERTIFICATE FOR PROP JACK - UNITED PRECAST CONCRETE UPC.docx: HTTPSConnectionPool(host='g.api.mega.co.nz', port=443): Read timed out.
2024-12-24 22:03:11,479 - INFO - Downloading: T20240984129 - FLAGMAN - HOC BUILDING CONT..docx
2024-12-24 22:03:11,479 - INFO - Getting all files...
2024-12-24 22:03:36,502 - ERROR - Error downloading T20240984129 - FLAGMAN - HOC BUILDING CONT..docx: HTTPSConnectionPool(host='g.api.mega.co.nz', port=443): Max retries exceeded with url: /cs?id=1021650969&sid=vmmoTQ_Hkx9N7RlSlWyw1mpNOUJVU2VmUVZR9JGcsSSCduGpuU36Hzl2Xw (Caused by NameResolutionError("<urllib3.connection.HTTPSConnection object at 0x7f8074625fa0>: Failed to resolve 'g.api.mega.co.nz' ([Errno -3] Temporary failure in name resolution)"))
2024-12-24 22:03:36,503 - INFO - Downloading: T20240573562 - LIFTING SUPERVISOR - NATIONAL PROJECTS NPC I045 RIYADH CITY.docx
2024-12-24 22:03:36,503 - INFO - Getting all files...
2024-12-24 22:03:56,515 - ERROR - Error downloading T20240573562 - LIFTING SUPERVISOR - NATIONAL PROJECTS NPC I045 RIYADH CITY.docx: HTTPSConnectionPool(host='g.api.mega.co.nz', port=443): Max retries exceeded with url: /cs?id=1021650970&sid=vmmoTQ_Hkx9N7RlSlWyw1mpNOUJVU2VmUVZR9JGcsSSCduGpuU36Hzl2Xw (Caused by NameResolutionError("<urllib3.connection.HTTPSConnection object at 0x7f80744cd490>: Failed to resolve 'g.api.mega.co.nz' ([Errno -3] Temporary failure in name resolution)"))
2024-12-24 22:03:56,515 - INFO - Downloading: T20241086798 - FIRE WARDEN - HI TECH 1340 SADIYAT ISLAND.docx
2024-12-24 22:03:56,516 - INFO - Getting all files...
2024-12-24 22:04:16,537 - ERROR - Error downloading T20241086798 - FIRE WARDEN - HI TECH 1340 SADIYAT ISLAND.docx: HTTPSConnectionPool(host='g.api.mega.co.nz', port=443): Max retries exceeded with url: /cs?id=1021650971&sid=vmmoTQ_Hkx9N7RlSlWyw1mpNOUJVU2VmUVZR9JGcsSSCduGpuU36Hzl2Xw (Caused by NameResolutionError("<urllib3.connection.HTTPSConnection object at 0x7f8072270d60>: Failed to resolve 'g.api.mega.co.nz' ([Errno -3] Temporary failure in name resolution)"))
2024-12-24 22:04:16,537 - INFO - Downloading: L202412400962 - BAR CUTTING MACHINE - ENGINEERING CONTRACTING COMPANY ECC CREEK HARBOUR.docx
2024-12-24 22:04:16,538 - INFO - Getting all files...
2024-12-24 22:04:36,558 - ERROR - Error downloading L202412400962 - BAR CUTTING MACHINE - ENGINEERING CONTRACTING COMPANY ECC CREEK HARBOUR.docx: HTTPSConnectionPool(host='g.api.mega.co.nz', port=443): Max retries exceeded with url: /cs?id=1021650972&sid=vmmoTQ_Hkx9N7RlSlWyw1mpNOUJVU2VmUVZR9JGcsSSCduGpuU36Hzl2Xw (Caused by NameResolutionError("<urllib3.connection.HTTPSConnection object at 0x7f80746084c0>: Failed to resolve 'g.api.mega.co.nz' ([Errno -3] Temporary failure in name resolution)"))
2024-12-24 22:04:36,559 - INFO - Downloading: T20240883019 - SCAFFOLDER - DELTA GATE TECHNICAL.docx
2024-12-24 22:04:36,559 - INFO - Getting all files...
2024-12-24 22:04:56,576 - ERROR - Error downloading T20240883019 - SCAFFOLDER - DELTA GATE TECHNICAL.docx: HTTPSConnectionPool(host='g.api.mega.co.nz', port=443): Max retries exceeded with url: /cs?id=1021650973&sid=vmmoTQ_Hkx9N7RlSlWyw1mpNOUJVU2VmUVZR9JGcsSSCduGpuU36Hzl2Xw (Caused by NameResolutionError("<urllib3.connection.HTTPSConnection object at 0x7f80744cdee0>: Failed to resolve 'g.api.mega.co.nz' ([Errno -3] Temporary failure in name resolution)"))
2024-12-24 22:04:56,576 - INFO - Downloading: T20241192845 - TELEHANDLER OPERATOR - ZINDABAD TRANSPORT AND GENERAL.docx
2024-12-24 22:04:56,576 - INFO - Getting all files...
2024-12-24 22:05:16,595 - ERROR - Error downloading T20241192845 - TELEHANDLER OPERATOR - ZINDABAD TRANSPORT AND GENERAL.docx: HTTPSConnectionPool(host='g.api.mega.co.nz', port=443): Max retries exceeded with url: /cs?id=1021650974&sid=vmmoTQ_Hkx9N7RlSlWyw1mpNOUJVU2VmUVZR9JGcsSSCduGpuU36Hzl2Xw (Caused by NameResolutionError("<urllib3.connection.HTTPSConnection object at 0x7f806eb87d30>: Failed to resolve 'g.api.mega.co.nz' ([Errno -3] Temporary failure in name resolution)"))
2024-12-24 22:05:16,595 - INFO - Downloading: T20241191646 - FLAGMAN - DHABI CONTRACTING.docx
2024-12-24 22:05:16,595 - INFO - Getting all files...
2024-12-24 22:05:36,614 - ERROR - Error downloading T20241191646 - FLAGMAN - DHABI CONTRACTING.docx: HTTPSConnectionPool(host='g.api.mega.co.nz', port=443): Max retries exceeded with url: /cs?id=1021650975&sid=vmmoTQ_Hkx9N7RlSlWyw1mpNOUJVU2VmUVZR9JGcsSSCduGpuU36Hzl2Xw (Caused by NameResolutionError("<urllib3.connection.HTTPSConnection object at 0x7f80744cd820>: Failed to resolve 'g.api.mega.co.nz' ([Errno -3] Temporary failure in name resolution)"))
2024-12-24 22:05:36,615 - INFO - Downloading: T20241294747 - TELEHANDLER OPERATOR - KHALID MUJAHID TRANSPORT.docx
2024-12-24 22:05:36,615 - INFO - Getting all files...
2024-12-24 22:05:56,631 - ERROR - Error downloading T20241294747 - TELEHANDLER OPERATOR - KHALID MUJAHID TRANSPORT.docx: HTTPSConnectionPool(host='g.api.mega.co.nz', port=443): Max retries exceeded with url: /cs?id=1021650976&sid=vmmoTQ_Hkx9N7RlSlWyw1mpNOUJVU2VmUVZR9JGcsSSCduGpuU36Hzl2Xw (Caused by NameResolutionError("<urllib3.connection.HTTPSConnection object at 0x7f8074608820>: Failed to resolve 'g.api.mega.co.nz' ([Errno -3] Temporary failure in name resolution)"))
2024-12-24 22:05:56,632 - INFO - Downloading: T20240574902 - FLAGMAN - CONCORD STARS.docx
2024-12-24 22:05:56,632 - INFO - Getting all files...
2024-12-24 22:06:16,648 - ERROR - Error downloading T20240574902 - FLAGMAN - CONCORD STARS.docx: HTTPSConnectionPool(host='g.api.mega.co.nz', port=443): Max retries exceeded with url: /cs?id=1021650977&sid=vmmoTQ_Hkx9N7RlSlWyw1mpNOUJVU2VmUVZR9JGcsSSCduGpuU36Hzl2Xw (Caused by NameResolutionError("<urllib3.connection.HTTPSConnection object at 0x7f8074608340>: Failed to resolve 'g.api.mega.co.nz' ([Errno -3] Temporary failure in name resolution)"))
2024-12-24 22:06:16,648 - INFO - Downloading: L202409395231 - CONCRETE PUMP - DUTCH FOUNDATION P-1971.docx
2024-12-24 22:06:16,649 - INFO - Getting all files...
2024-12-24 22:06:36,669 - ERROR - Error downloading L202409395231 - CONCRETE PUMP - DUTCH FOUNDATION P-1971.docx: HTTPSConnectionPool(host='g.api.mega.co.nz', port=443): Max retries exceeded with url: /cs?id=1021650978&sid=vmmoTQ_Hkx9N7RlSlWyw1mpNOUJVU2VmUVZR9JGcsSSCduGpuU36Hzl2Xw (Caused by NameResolutionError("<urllib3.connection.HTTPSConnection object at 0x7f806eb877f0>: Failed to resolve 'g.api.mega.co.nz' ([Errno -3] Temporary failure in name resolution)"))
2024-12-24 22:06:36,669 - INFO - Downloading: L202410397200 - PAT TEST FOR CIRCULAR SAW - NFPC MODERN PLASTIC COMPANY.docx
2024-12-24 22:06:36,670 - INFO - Getting all files...
2024-12-24 22:06:56,688 - ERROR - Error downloading L202410397200 - PAT TEST FOR CIRCULAR SAW - NFPC MODERN PLASTIC COMPANY.docx: HTTPSConnectionPool(host='g.api.mega.co.nz', port=443): Max retries exceeded with url: /cs?id=1021650979&sid=vmmoTQ_Hkx9N7RlSlWyw1mpNOUJVU2VmUVZR9JGcsSSCduGpuU36Hzl2Xw (Caused by NameResolutionError("<urllib3.connection.HTTPSConnection object at 0x7f806eb87130>: Failed to resolve 'g.api.mega.co.nz' ([Errno -3] Temporary failure in name resolution)"))
2024-12-24 22:06:56,688 - INFO - Downloading: T20241086923 - WORK AT HEIGHT - TROJAN CITY WALK.docx
2024-12-24 22:06:56,688 - INFO - Getting all files...
2024-12-24 22:07:16,708 - ERROR - Error downloading T20241086923 - WORK AT HEIGHT - TROJAN CITY WALK.docx: HTTPSConnectionPool(host='g.api.mega.co.nz', port=443): Max retries exceeded with url: /cs?id=1021650980&sid=vmmoTQ_Hkx9N7RlSlWyw1mpNOUJVU2VmUVZR9JGcsSSCduGpuU36Hzl2Xw (Caused by NameResolutionError("<urllib3.connection.HTTPSConnection object at 0x7f8074608490>: Failed to resolve 'g.api.mega.co.nz' ([Errno -3] Temporary failure in name resolution)"))
2024-12-24 22:07:16,709 - INFO - Downloading: L202407391411 - BOW SHACKLE - DUTCH FOUNDATION -1962.docx
2024-12-24 22:07:16,709 - INFO - Getting all files...
2024-12-24 22:07:36,728 - ERROR - Error downloading L202407391411 - BOW SHACKLE - DUTCH FOUNDATION -1962.docx: HTTPSConnectionPool(host='g.api.mega.co.nz', port=443): Max retries exceeded with url: /cs?id=1021650981&sid=vmmoTQ_Hkx9N7RlSlWyw1mpNOUJVU2VmUVZR9JGcsSSCduGpuU36Hzl2Xw (Caused by NameResolutionError("<urllib3.connection.HTTPSConnection object at 0x7f8074608ca0>: Failed to resolve 'g.api.mega.co.nz' ([Errno -3] Temporary failure in name resolution)"))
2024-12-24 22:07:36,729 - INFO - Downloading: T20240573401 - RIGGER - GRANKRAFT CONSTRUCTION.docx
2024-12-24 22:07:36,729 - INFO - Getting all files...
2024-12-24 22:07:56,750 - ERROR - Error downloading T20240573401 - RIGGER - GRANKRAFT CONSTRUCTION.docx: HTTPSConnectionPool(host='g.api.mega.co.nz', port=443): Max retries exceeded with url: /cs?id=1021650982&sid=vmmoTQ_Hkx9N7RlSlWyw1mpNOUJVU2VmUVZR9JGcsSSCduGpuU36Hzl2Xw (Caused by NameResolutionError("<urllib3.connection.HTTPSConnection object at 0x7f806ec3dbe0>: Failed to resolve 'g.api.mega.co.nz' ([Errno -3] Temporary failure in name resolution)"))
2024-12-24 22:07:56,750 - INFO - Downloading: T20240676803 - CONFINED SPACE SUPERVISOR - NATIONAL PROJECTS NPC I053.docx
2024-12-24 22:07:56,750 - INFO - Getting all files...
2024-12-24 22:08:16,772 - ERROR - Error downloading T20240676803 - CONFINED SPACE SUPERVISOR - NATIONAL PROJECTS NPC I053.docx: HTTPSConnectionPool(host='g.api.mega.co.nz', port=443): Max retries exceeded with url: /cs?id=1021650983&sid=vmmoTQ_Hkx9N7RlSlWyw1mpNOUJVU2VmUVZR9JGcsSSCduGpuU36Hzl2Xw (Caused by NameResolutionError("<urllib3.connection.HTTPSConnection object at 0x7f806d08ddc0>: Failed to resolve 'g.api.mega.co.nz' ([Errno -3] Temporary failure in name resolution)"))
2024-12-24 22:08:16,772 - INFO - Downloading: T20240370364 - DOZER OPERATOR - CONCORD STARS.docx
2024-12-24 22:08:16,773 - INFO - Getting all files...
2024-12-24 22:08:36,793 - ERROR - Error downloading T20240370364 - DOZER OPERATOR - CONCORD STARS.docx: HTTPSConnectionPool(host='g.api.mega.co.nz', port=443): Max retries exceeded with url: /cs?id=1021650984&sid=vmmoTQ_Hkx9N7RlSlWyw1mpNOUJVU2VmUVZR9JGcsSSCduGpuU36Hzl2Xw (Caused by NameResolutionError("<urllib3.connection.HTTPSConnection object at 0x7f8074608520>: Failed to resolve 'g.api.mega.co.nz' ([Errno -3] Temporary failure in name resolution)"))
2024-12-24 22:08:36,793 - INFO - Downloading: T20240983101 - BOOM LOADER OPERATOR - AL BAAZ TRANSPORT.docx
2024-12-24 22:08:36,794 - INFO - Getting all files...
2024-12-24 22:08:56,813 - ERROR - Error downloading T20240983101 - BOOM LOADER OPERATOR - AL BAAZ TRANSPORT.docx: HTTPSConnectionPool(host='g.api.mega.co.nz', port=443): Max retries exceeded with url: /cs?id=1021650985&sid=vmmoTQ_Hkx9N7RlSlWyw1mpNOUJVU2VmUVZR9JGcsSSCduGpuU36Hzl2Xw (Caused by NameResolutionError("<urllib3.connection.HTTPSConnection object at 0x7f806ec3d9a0>: Failed to resolve 'g.api.mega.co.nz' ([Errno -3] Temporary failure in name resolution)"))
2024-12-24 22:08:56,813 - INFO - Downloading: T20240880786 - BLOCK CUTTING MACHINE OPERATOR - TROJAN SPORTS HOTEL.docx
2024-12-24 22:08:56,813 - INFO - Getting all files...
2024-12-24 22:09:16,835 - ERROR - Error downloading T20240880786 - BLOCK CUTTING MACHINE OPERATOR - TROJAN SPORTS HOTEL.docx: HTTPSConnectionPool(host='g.api.mega.co.nz', port=443): Max retries exceeded with url: /cs?id=1021650986&sid=vmmoTQ_Hkx9N7RlSlWyw1mpNOUJVU2VmUVZR9JGcsSSCduGpuU36Hzl2Xw (Caused by NameResolutionError("<urllib3.connection.HTTPSConnection object at 0x7f806eb87b80>: Failed to resolve 'g.api.mega.co.nz' ([Errno -3] Temporary failure in name resolution)"))
2024-12-24 22:09:16,835 - INFO - Downloading: T20240780171 - SCAFFOLDING ERECTIOM AND DISMANTLING - TROJAN 2140 REEM HILLS.docx
2024-12-24 22:09:16,836 - INFO - Getting all files...
2024-12-24 22:09:36,855 - ERROR - Error downloading T20240780171 - SCAFFOLDING ERECTIOM AND DISMANTLING - TROJAN 2140 REEM HILLS.docx: HTTPSConnectionPool(host='g.api.mega.co.nz', port=443): Max retries exceeded with url: /cs?id=1021650987&sid=vmmoTQ_Hkx9N7RlSlWyw1mpNOUJVU2VmUVZR9JGcsSSCduGpuU36Hzl2Xw (Caused by NameResolutionError("<urllib3.connection.HTTPSConnection object at 0x7f8074611340>: Failed to resolve 'g.api.mega.co.nz' ([Errno -3] Temporary failure in name resolution)"))
2024-12-24 22:09:36,855 - INFO - Downloading: L202401383683 - BOW SHACKLE - SAHARA ENGINEERING.docx
2024-12-24 22:09:36,855 - INFO - Getting all files...
2024-12-24 22:09:56,874 - ERROR - Error downloading L202401383683 - BOW SHACKLE - SAHARA ENGINEERING.docx: HTTPSConnectionPool(host='g.api.mega.co.nz', port=443): Max retries exceeded with url: /cs?id=1021650988&sid=vmmoTQ_Hkx9N7RlSlWyw1mpNOUJVU2VmUVZR9JGcsSSCduGpuU36Hzl2Xw (Caused by NameResolutionError("<urllib3.connection.HTTPSConnection object at 0x7f806ec0a4c0>: Failed to resolve 'g.api.mega.co.nz' ([Errno -3] Temporary failure in name resolution)"))
2024-12-24 22:09:56,874 - INFO - Downloading: L202410396456 - WEBBING SLING - DUTCH FOUNDATION KEZAD.docx
2024-12-24 22:09:56,875 - INFO - Getting all files...
2025-05-02 17:11:34,576 - INFO - Connecting to MEGA...
2025-05-02 17:11:34,578 - INFO - Logging in user...
2025-05-02 17:11:36,342 - ERROR - Login failed: Expecting value: line 1 column 1 (char 0)
2025-05-02 17:11:36,342 - INFO - 
Starting sync for folder: MEGA
2025-05-02 17:11:36,343 - INFO - Looking for root folder: MEGA
2025-05-02 17:11:36,344 - INFO - 127.0.0.1 - - [02/May/2025 17:11:36] "[35m[1mGET /getlinks HTTP/1.1[0m" 500 -
2025-05-02 17:16:20,009 - INFO - Connecting to MEGA...
2025-05-02 17:16:20,013 - INFO - Logging in user...
2025-05-02 17:16:22,435 - INFO - Getting all files...
2025-05-02 17:16:53,249 - INFO - Login complete
2025-05-02 17:16:53,249 - INFO - Successfully connected to MEGA
2025-05-02 17:16:53,249 - INFO - 
Starting sync for folder: MEGA
2025-05-02 17:16:53,249 - INFO - Looking for root folder: MEGA
2025-05-02 17:16:53,249 - INFO - Getting all files...
2025-05-02 17:17:15,406 - INFO - Found root folder: MEGA
2025-05-02 17:17:15,438 - INFO - Getting MEGA folder structure...
2025-05-02 17:17:15,438 - INFO - Getting all files...
2025-05-02 17:17:35,841 - INFO - Scanning local folder: /home/uzair/Desktop/documents_processing/MEGA
2025-05-02 17:17:35,855 - INFO - Downloading: T20240984451 - DUMPER OPERATOR - PRIME FLEET TRANSPORT.docx
2025-05-02 17:17:35,856 - INFO - Getting all files...
